This is XeTeX, Version 3.141592653-2.6-0.999994 (TeX Live 2022/Arch Linux) (preloaded format=xelatex 2022.11.8)  13 NOV 2022 20:30
entering extended mode
 restricted \write18 enabled.
 file:line:error style messages enabled.
 %&-line parsing enabled.
**/home/kuhyx/Zlew/Studia/NieNotatki/Projekty/WUT_Computer_Science/NotProgramming/EDABA/HW3.tex
(/home/kuhyx/Zlew/Studia/NieNotatki/Projekty/WUT_Computer_Science/NotProgramming/EDABA/HW3.tex
LaTeX2e <2021-11-15> patch level 1
L3 programming layer <2022-04-10> (/usr/share/texmf-dist/tex/latex/base/article.cls
Document Class: article 2021/10/04 v1.4n Standard LaTeX document class
(/usr/share/texmf-dist/tex/latex/base/size12.clo
File: size12.clo 2021/10/04 v1.4n Standard LaTeX file (size option)
)
\c@part=\count181
\c@section=\count182
\c@subsection=\count183
\c@subsubsection=\count184
\c@paragraph=\count185
\c@subparagraph=\count186
\c@figure=\count187
\c@table=\count188
\abovecaptionskip=\skip47
\belowcaptionskip=\skip48
\bibindent=\dimen138
) (/usr/share/texmf-dist/tex/latex/l3backend/l3backend-xetex.def
File: l3backend-xetex.def 2022-04-14 L3 backend support: XeTeX
\l__color_backend_stack_int=\count189
\g__color_backend_stack_int=\count190
\g__graphics_track_int=\count191
\l__pdf_internal_box=\box50
\g__pdf_backend_object_int=\count192
\g__pdf_backend_annotation_int=\count193
\g__pdf_backend_link_int=\count194
) (./HW3.aux)
\openout1 = `HW3.aux'.

LaTeX Font Info:    Checking defaults for OML/cmm/m/it on input line 4.
LaTeX Font Info:    ... okay on input line 4.
LaTeX Font Info:    Checking defaults for OMS/cmsy/m/n on input line 4.
LaTeX Font Info:    ... okay on input line 4.
LaTeX Font Info:    Checking defaults for OT1/cmr/m/n on input line 4.
LaTeX Font Info:    ... okay on input line 4.
LaTeX Font Info:    Checking defaults for T1/cmr/m/n on input line 4.
LaTeX Font Info:    ... okay on input line 4.
LaTeX Font Info:    Checking defaults for TS1/cmr/m/n on input line 4.
LaTeX Font Info:    Trying to load font information for TS1+cmr on input line 4.
 (/usr/share/texmf-dist/tex/latex/base/ts1cmr.fd
File: ts1cmr.fd 2019/12/16 v2.5j Standard LaTeX font definitions
)
LaTeX Font Info:    ... okay on input line 4.
LaTeX Font Info:    Checking defaults for TU/lmr/m/n on input line 4.
LaTeX Font Info:    ... okay on input line 4.
LaTeX Font Info:    Checking defaults for OMX/cmex/m/n on input line 4.
LaTeX Font Info:    ... okay on input line 4.
LaTeX Font Info:    Checking defaults for U/cmr/m/n on input line 4.
LaTeX Font Info:    ... okay on input line 4.
LaTeX Font Info:    External font `cmex10' loaded for size
(Font)              <14.4> on input line 5.
LaTeX Font Info:    External font `cmex10' loaded for size
(Font)              <7> on input line 5.

Overfull \hbox (17.87987pt too wide) in paragraph at lines 14--14
[]    \TU/lmtt/m/n/12 LECT_highest = SELECT L#, LNAME FROM LECT AS X WHERE NOT EXIST[] 
 []


Overfull \hbox (42.59984pt too wide) in paragraph at lines 14--14
[]    \TU/lmtt/m/n/12 ( SELECT * FROM LECT AS Y WHERE Y.L# != X.L# AND Y.ECTS > X.ECTS )[] 
 []


Overfull \hbox (17.87987pt too wide) in paragraph at lines 27--27
[]    \TU/lmtt/m/n/12 LECT_highest = SELECT L#, LNAME FROM LECT AS X WHERE NOT EXIST[] 
 []


Overfull \hbox (42.59984pt too wide) in paragraph at lines 27--27
[]    \TU/lmtt/m/n/12 ( SELECT * FROM LECT AS Y WHERE Y.L# != X.L# AND Y.ECTS > X.ECTS )[] 
 []

[1

]
Overfull \hbox (17.87987pt too wide) in paragraph at lines 36--36
[]    \TU/lmtt/m/n/12 SELECT L# FROM ST, LS WHERE (ST.S# = LS.S# AND ST.TRACK = CS))[] 
 []

[2] (./HW3.aux) ) 
Here is how much of TeX's memory you used:
 493 strings out of 476156
 10418 string characters out of 5814963
 313716 words of memory out of 5000000
 21336 multiletter control sequences out of 15000+600000
 470228 words of font info for 38 fonts, out of 8000000 for 9000
 1348 hyphenation exceptions out of 8191
 35i,6n,38p,230b,191s stack positions out of 5000i,500n,10000p,200000b,80000s

Output written on HW3.xdv (2 pages, 11580 bytes).
