\BOOKMARK [1][-]{section.1}{Introduction}{}% 1
\BOOKMARK [1][-]{section.2}{Explanation of types of values in summary results and summary process}{}% 2
\BOOKMARK [2][-]{subsection.2.1}{Summary Results}{section.2}% 3
\BOOKMARK [2][-]{subsection.2.2}{Summary Processes}{section.2}% 4
\BOOKMARK [1][-]{section.3}{Scheduling conf settings}{}% 5
\BOOKMARK [1][-]{section.4}{Two processes}{}% 6
\BOOKMARK [2][-]{subsection.4.1}{Summary Results file}{section.4}% 7
\BOOKMARK [2][-]{subsection.4.2}{Summary Processes file}{section.4}% 8
\BOOKMARK [2][-]{subsection.4.3}{Comments}{section.4}% 9
\BOOKMARK [1][-]{section.5}{Five processes}{}% 10
\BOOKMARK [2][-]{subsection.5.1}{Summary Results file}{section.5}% 11
\BOOKMARK [2][-]{subsection.5.2}{Summary Processes file}{section.5}% 12
\BOOKMARK [2][-]{subsection.5.3}{Comments}{section.5}% 13
\BOOKMARK [1][-]{section.6}{Ten processes}{}% 14
\BOOKMARK [2][-]{subsection.6.1}{Summary Results file}{section.6}% 15
\BOOKMARK [2][-]{subsection.6.2}{Summary Processes file}{section.6}% 16
\BOOKMARK [2][-]{subsection.6.3}{Comments}{section.6}% 17
\BOOKMARK [1][-]{section.7}{Getting process to be blocked 4 times}{}% 18
\BOOKMARK [2][-]{subsection.7.1}{Summary Results file}{section.7}% 19
\BOOKMARK [1][-]{section.8}{Finishing comments}{}% 20
