This is pdfTeX, Version 3.14159265-2.6-1.40.21 (TeX Live 2020/Debian) (preloaded format=pdflatex 2021.10.23)  3 DEC 2021 05:55
entering extended mode
 restricted \write18 enabled.
 file:line:error style messages enabled.
 %&-line parsing enabled.
**report.tex
(./report.tex
LaTeX2e <2020-10-01> patch level 4
L3 programming layer <2021-01-09> xparse <2020-03-03> (/usr/share/texlive/texmf-dist/tex/latex/base/report.cls
Document Class: report 2020/04/10 v1.4m Standard LaTeX document class
(/usr/share/texlive/texmf-dist/tex/latex/base/size12.clo
File: size12.clo 2020/04/10 v1.4m Standard LaTeX file (size option)
)
\c@part=\count177
\c@chapter=\count178
\c@section=\count179
\c@subsection=\count180
\c@subsubsection=\count181
\c@paragraph=\count182
\c@subparagraph=\count183
\c@figure=\count184
\c@table=\count185
\abovecaptionskip=\skip47
\belowcaptionskip=\skip48
\bibindent=\dimen138
) (/usr/share/texlive/texmf-dist/tex/latex/mathtools/mathtools.sty
Package: mathtools 2020/03/24 v1.24 mathematical typesetting tools
 (/usr/share/texlive/texmf-dist/tex/latex/graphics/keyval.sty
Package: keyval 2014/10/28 v1.15 key=value parser (DPC)
\KV@toks@=\toks15
) (/usr/share/texlive/texmf-dist/tex/latex/tools/calc.sty
Package: calc 2017/05/25 v4.3 Infix arithmetic (KKT,FJ)
\calc@Acount=\count186
\calc@Bcount=\count187
\calc@Adimen=\dimen139
\calc@Bdimen=\dimen140
\calc@Askip=\skip49
\calc@Bskip=\skip50
LaTeX Info: Redefining \setlength on input line 80.
LaTeX Info: Redefining \addtolength on input line 81.
\calc@Ccount=\count188
\calc@Cskip=\skip51
) (/usr/share/texlive/texmf-dist/tex/latex/mathtools/mhsetup.sty
Package: mhsetup 2017/03/31 v1.3 programming setup (MH)
) (/usr/share/texlive/texmf-dist/tex/latex/amsmath/amsmath.sty
Package: amsmath 2020/09/23 v2.17i AMS math features
\@mathmargin=\skip52

For additional information on amsmath, use the `?' option.
(/usr/share/texlive/texmf-dist/tex/latex/amsmath/amstext.sty
Package: amstext 2000/06/29 v2.01 AMS text
 (/usr/share/texlive/texmf-dist/tex/latex/amsmath/amsgen.sty
File: amsgen.sty 1999/11/30 v2.0 generic functions
\@emptytoks=\toks16
\ex@=\dimen141
)) (/usr/share/texlive/texmf-dist/tex/latex/amsmath/amsbsy.sty
Package: amsbsy 1999/11/29 v1.2d Bold Symbols
\pmbraise@=\dimen142
) (/usr/share/texlive/texmf-dist/tex/latex/amsmath/amsopn.sty
Package: amsopn 2016/03/08 v2.02 operator names
)
\inf@bad=\count189
LaTeX Info: Redefining \frac on input line 234.
\uproot@=\count190
\leftroot@=\count191
LaTeX Info: Redefining \overline on input line 399.
\classnum@=\count192
\DOTSCASE@=\count193
LaTeX Info: Redefining \ldots on input line 496.
LaTeX Info: Redefining \dots on input line 499.
LaTeX Info: Redefining \cdots on input line 620.
\Mathstrutbox@=\box47
\strutbox@=\box48
\big@size=\dimen143
LaTeX Font Info:    Redeclaring font encoding OML on input line 743.
LaTeX Font Info:    Redeclaring font encoding OMS on input line 744.
\macc@depth=\count194
\c@MaxMatrixCols=\count195
\dotsspace@=\muskip16
\c@parentequation=\count196
\dspbrk@lvl=\count197
\tag@help=\toks17
\row@=\count198
\column@=\count199
\maxfields@=\count266
\andhelp@=\toks18
\eqnshift@=\dimen144
\alignsep@=\dimen145
\tagshift@=\dimen146
\tagwidth@=\dimen147
\totwidth@=\dimen148
\lineht@=\dimen149
\@envbody=\toks19
\multlinegap=\skip53
\multlinetaggap=\skip54
\mathdisplay@stack=\toks20
LaTeX Info: Redefining \[ on input line 2923.
LaTeX Info: Redefining \] on input line 2924.
)
LaTeX Info: Thecontrolsequence`\('isalreadyrobust on input line 130.
LaTeX Info: Thecontrolsequence`\)'isalreadyrobust on input line 130.
LaTeX Info: Thecontrolsequence`\['isalreadyrobust on input line 130.
LaTeX Info: Thecontrolsequence`\]'isalreadyrobust on input line 130.
\g_MT_multlinerow_int=\count267
\l_MT_multwidth_dim=\dimen150
\origjot=\skip55
\l_MT_shortvdotswithinadjustabove_dim=\dimen151
\l_MT_shortvdotswithinadjustbelow_dim=\dimen152
\l_MT_above_intertext_sep=\dimen153
\l_MT_below_intertext_sep=\dimen154
\l_MT_above_shortintertext_sep=\dimen155
\l_MT_below_shortintertext_sep=\dimen156
\xmathstrut@box=\box49
\xmathstrut@dim=\dimen157
) (/usr/share/texlive/texmf-dist/tex/generic/systeme/systeme.sty (/usr/share/texlive/texmf-dist/tex/generic/xstring/xstring.sty (/usr/share/texlive/texmf-dist/tex/generic/xstring/xstring.tex
\integerpart=\count268
\decimalpart=\count269
)
Package: xstring 2019/02/06 v1.83 String manipulations (CT)
) (/usr/share/texlive/texmf-dist/tex/generic/systeme/systeme.tex
\SYS_systemecode=\toks21
\SYS_systempreamble=\toks22
\SYSeqnum=\count270
)
Package: systeme 2020/05/03 v0.34 Mise en forme de systemes d'equations (CT)
) (/usr/share/texlive/texmf-dist/tex/latex/siunitx/siunitx.sty (/usr/share/texlive/texmf-dist/tex/latex/l3kernel/expl3.sty
Package: expl3 2021-01-09 L3 programming layer (loader) 
 (/usr/share/texlive/texmf-dist/tex/latex/l3backend/l3backend-pdftex.def
File: l3backend-pdftex.def 2020-01-29 L3 backend support: PDF output (pdfTeX)
\l__color_backend_stack_int=\count271
\l__pdf_internal_box=\box50
)) (/usr/share/texlive/texmf-dist/tex/latex/l3packages/xparse/xparse.sty
Package: xparse 2020-10-27 L3 Experimental document command parser
 (/usr/share/texlive/texmf-dist/tex/latex/l3packages/xparse/xparse-generic.tex))
Package: siunitx 2020/02/25 v2.8b A comprehensive (SI) units package
 (/usr/share/texlive/texmf-dist/tex/latex/tools/array.sty
Package: array 2020/10/01 v2.5c Tabular extension package (FMi)
\col@sep=\dimen158
\ar@mcellbox=\box51
\extrarowheight=\dimen159
\NC@list=\toks23
\extratabsurround=\skip56
\backup@length=\skip57
\ar@cellbox=\box52
) (/usr/share/texlive/texmf-dist/tex/latex/l3packages/l3keys2e/l3keys2e.sty
Package: l3keys2e 2020-10-27 LaTeX2e option processing using LaTeX3 keys
)
\l__siunitx_tmp_box=\box53
\l__siunitx_tmp_dim=\dimen160
\l__siunitx_tmp_int=\count272
\l__siunitx_number_mantissa_length_int=\count273
\l__siunitx_number_uncert_length_int=\count274
\l__siunitx_round_int=\count275
\l__siunitx_process_decimal_int=\count276
\l__siunitx_process_uncertainty_int=\count277
\l__siunitx_process_fixed_int=\count278
\l__siunitx_process_integer_min_int=\count279
\l__siunitx_process_precision_int=\count280
\l__siunitx_group_min_int=\count281
\l__siunitx_angle_marker_box=\box54
\l__siunitx_angle_unit_box=\box55
\l__siunitx_angle_marker_dim=\dimen161
\l__siunitx_angle_unit_dim=\dimen162
\l__siunitx_unit_int=\count282
\l__siunitx_unit_denominator_int=\count283
\l__siunitx_unit_numerator_int=\count284
\l__siunitx_unit_prefix_int=\count285
\l__siunitx_unit_prefix_base_int=\count286
\l__siunitx_unit_prefix_gram_int=\count287
\l__siunitx_number_product_int=\count288
\c__siunitx_one_fill_skip=\skip58
\l__siunitx_table_unit_align_skip=\skip59
\l__siunitx_table_exponent_dim=\dimen163
\l__siunitx_table_integer_dim=\dimen164
\l__siunitx_table_mantissa_dim=\dimen165
\l__siunitx_table_marker_dim=\dimen166
\l__siunitx_table_result_dim=\dimen167
\l__siunitx_table_uncert_dim=\dimen168
\l__siunitx_table_fill_pre_dim=\dimen169
\l__siunitx_table_fill_post_dim=\dimen170
\l__siunitx_table_fill_mid_dim=\dimen171
\l__siunitx_table_pre_box=\box56
\l__siunitx_table_post_box=\box57
\l__siunitx_table_mantissa_box=\box58
\l__siunitx_table_result_box=\box59
\l__siunitx_table_number_align_skip=\skip60
\l__siunitx_table_text_align_skip=\skip61

(/usr/share/texlive/texmf-dist/tex/latex/translator/translator.sty
Package: translator 2020-08-03 v1.12c Easy translation of strings in LaTeX
)) (/usr/share/texlive/texmf-dist/tex/latex/base/fontenc.sty
Package: fontenc 2020/08/10 v2.0s Standard LaTeX package
) (/usr/share/texlive/texmf-dist/tex/latex/hyperref/hyperref.sty
Package: hyperref 2020-05-15 v7.00e Hypertext links for LaTeX
 (/usr/share/texlive/texmf-dist/tex/generic/ltxcmds/ltxcmds.sty
Package: ltxcmds 2020-05-10 v1.25 LaTeX kernel commands for general use (HO)
) (/usr/share/texlive/texmf-dist/tex/generic/iftex/iftex.sty
Package: iftex 2020/03/06 v1.0d TeX engine tests
) (/usr/share/texlive/texmf-dist/tex/generic/pdftexcmds/pdftexcmds.sty
Package: pdftexcmds 2020-06-27 v0.33 Utility functions of pdfTeX for LuaTeX (HO)
 (/usr/share/texlive/texmf-dist/tex/generic/infwarerr/infwarerr.sty
Package: infwarerr 2019/12/03 v1.5 Providing info/warning/error messages (HO)
)
Package pdftexcmds Info: \pdf@primitive is available.
Package pdftexcmds Info: \pdf@ifprimitive is available.
Package pdftexcmds Info: \pdfdraftmode found.
) (/usr/share/texlive/texmf-dist/tex/generic/kvsetkeys/kvsetkeys.sty
Package: kvsetkeys 2019/12/15 v1.18 Key value parser (HO)
) (/usr/share/texlive/texmf-dist/tex/generic/kvdefinekeys/kvdefinekeys.sty
Package: kvdefinekeys 2019-12-19 v1.6 Define keys (HO)
) (/usr/share/texlive/texmf-dist/tex/generic/pdfescape/pdfescape.sty
Package: pdfescape 2019/12/09 v1.15 Implements pdfTeX's escape features (HO)
) (/usr/share/texlive/texmf-dist/tex/latex/hycolor/hycolor.sty
Package: hycolor 2020-01-27 v1.10 Color options for hyperref/bookmark (HO)
) (/usr/share/texlive/texmf-dist/tex/latex/letltxmacro/letltxmacro.sty
Package: letltxmacro 2019/12/03 v1.6 Let assignment for LaTeX macros (HO)
) (/usr/share/texlive/texmf-dist/tex/latex/auxhook/auxhook.sty
Package: auxhook 2019-12-17 v1.6 Hooks for auxiliary files (HO)
) (/usr/share/texlive/texmf-dist/tex/latex/kvoptions/kvoptions.sty
Package: kvoptions 2020-10-07 v3.14 Key value format for package options (HO)
)
\@linkdim=\dimen172
\Hy@linkcounter=\count289
\Hy@pagecounter=\count290
 (/usr/share/texlive/texmf-dist/tex/latex/hyperref/pd1enc.def
File: pd1enc.def 2020-05-15 v7.00e Hyperref: PDFDocEncoding definition (HO)
Now handling font encoding PD1 ...
... no UTF-8 mapping file for font encoding PD1
)
(/usr/share/texlive/texmf-dist/tex/generic/intcalc/intcalc.sty
Package: intcalc 2019/12/15 v1.3 Expandable calculations with integers (HO)
) (/usr/share/texlive/texmf-dist/tex/generic/etexcmds/etexcmds.sty
Package: etexcmds 2019/12/15 v1.7 Avoid name clashes with e-TeX commands (HO)
)
\Hy@SavedSpaceFactor=\count291
Package hyperref Info: Hyper figures OFF on input line 4464.
Package hyperref Info: Link nesting OFF on input line 4469.
Package hyperref Info: Hyper index ON on input line 4472.
Package hyperref Info: Plain pages OFF on input line 4479.
Package hyperref Info: Backreferencing OFF on input line 4484.
Package hyperref Info: Implicit mode ON; LaTeX internals redefined.
Package hyperref Info: Bookmarks ON on input line 4717.
\c@Hy@tempcnt=\count292
 (/usr/share/texlive/texmf-dist/tex/latex/url/url.sty
\Urlmuskip=\muskip17
Package: url 2013/09/16  ver 3.4  Verb mode for urls, etc.
)
LaTeX Info: Redefining \url on input line 5076.
\XeTeXLinkMargin=\dimen173
 (/usr/share/texlive/texmf-dist/tex/generic/bitset/bitset.sty
Package: bitset 2019/12/09 v1.3 Handle bit-vector datatype (HO)
 (/usr/share/texlive/texmf-dist/tex/generic/bigintcalc/bigintcalc.sty
Package: bigintcalc 2019/12/15 v1.5 Expandable calculations on big integers (HO)
))
\Fld@menulength=\count293
\Field@Width=\dimen174
\Fld@charsize=\dimen175
Package hyperref Info: Hyper figures OFF on input line 6347.
Package hyperref Info: Link nesting OFF on input line 6352.
Package hyperref Info: Hyper index ON on input line 6355.
Package hyperref Info: backreferencing OFF on input line 6362.
Package hyperref Info: Link coloring OFF on input line 6367.
Package hyperref Info: Link coloring with OCG OFF on input line 6372.
Package hyperref Info: PDF/A mode OFF on input line 6377.
LaTeX Info: Redefining \ref on input line 6417.
LaTeX Info: Redefining \pageref on input line 6421.
 (/usr/share/texlive/texmf-dist/tex/latex/base/atbegshi-ltx.sty
Package: atbegshi-ltx 2020/08/17 v1.0a Emulation of the original atbegshi package
with kernel methods
)
\Hy@abspage=\count294
\c@Item=\count295
\c@Hfootnote=\count296
)
Package hyperref Info: Driver (autodetected): hpdftex.
 (/usr/share/texlive/texmf-dist/tex/latex/hyperref/hpdftex.def
File: hpdftex.def 2020-05-15 v7.00e Hyperref driver for pdfTeX
 (/usr/share/texlive/texmf-dist/tex/latex/base/atveryend-ltx.sty
Package: atveryend-ltx 2020/08/19 v1.0a Emulation of the original atvery package
with kernel methods
)
\Fld@listcount=\count297
\c@bookmark@seq@number=\count298
 (/usr/share/texlive/texmf-dist/tex/latex/rerunfilecheck/rerunfilecheck.sty
Package: rerunfilecheck 2019/12/05 v1.9 Rerun checks for auxiliary files (HO)
 (/usr/share/texlive/texmf-dist/tex/generic/uniquecounter/uniquecounter.sty
Package: uniquecounter 2019/12/15 v1.4 Provide unlimited unique counter (HO)
)
Package uniquecounter Info: New unique counter `rerunfilecheck' on input line 286.
)
\Hy@SectionHShift=\skip62
) (/usr/share/texlive/texmf-dist/tex/latex/bigfoot/bigfoot.sty
Package: bigfoot 2015/08/30 2.1 makes footnotes work


Package hyperref Warning: Option `hyperfootnotes' has already been used,
(hyperref)                setting the option has no effect on input line 61.

(/usr/share/texlive/texmf-dist/tex/latex/ncctools/manyfoot.sty
Package: manyfoot 2019/08/03 v1.11 Many Footnote Levels Package (NCC)
 (/usr/share/texlive/texmf-dist/tex/latex/ncctools/nccfoots.sty
Package: nccfoots 2005/02/03 v1.2 NCC Footnotes Package (NCC)
)
\MFL@columnwidth=\dimen176
) (/usr/share/texlive/texmf-dist/tex/latex/bigfoot/suffix.sty
Package: suffix 2006/07/15 1.5a Variant command support
) (/usr/share/texlive/texmf-dist/tex/latex/bigfoot/perpage.sty
Package: perpage 2014/10/25 2.0 Reset/sort counters per page
\c@abspage=\count299
)
\footnotewidowpenalty=\count300
\footnoteclubpenalty=\count301
\finalfootnotewidowpenalty=\count302
\c@FN@totalid=\count303
\c@pp@a@FN@totalid=\count304
\FN@id=\count305
\FN@master=\marks1
\FN@slave=\marks2
\FN@color=\marks3
\FN@outervsize=\dimen177
\FN@vsize=\skip63
\FN@insertions=\box60
\FN@output=\toks24
\FN@tempbox=\box61
\FN@savebox=\insert252
\FN@topmarkbox=\box62
\FN@outputflag=\count306
\FN@myvsize=\dimen178
\bigfoottolerance=\count307
) (/usr/share/texlive/texmf-dist/tex/latex/matlab-prettifier/matlab-prettifier.sty
Package: matlab-prettifier 2014/06/19 v0.3 A package for prettyprinting Matlab source code
 (/usr/share/texlive/texmf-dist/tex/latex/base/textcomp.sty
Package: textcomp 2020/02/02 v2.0n Standard LaTeX package
) (/usr/share/texlive/texmf-dist/tex/latex/xcolor/xcolor.sty
Package: xcolor 2016/05/11 v2.12 LaTeX color extensions (UK)
 (/usr/share/texlive/texmf-dist/tex/latex/graphics-cfg/color.cfg
File: color.cfg 2016/01/02 v1.6 sample color configuration
)
Package xcolor Info: Driver file: pdftex.def on input line 225.
 (/usr/share/texlive/texmf-dist/tex/latex/graphics-def/pdftex.def
File: pdftex.def 2020/10/05 v1.2a Graphics/color driver for pdftex
)
Package xcolor Info: Model `cmy' substituted by `cmy0' on input line 1348.
Package xcolor Info: Model `hsb' substituted by `rgb' on input line 1352.
Package xcolor Info: Model `RGB' extended on input line 1364.
Package xcolor Info: Model `HTML' substituted by `rgb' on input line 1366.
Package xcolor Info: Model `Hsb' substituted by `hsb' on input line 1367.
Package xcolor Info: Model `tHsb' substituted by `hsb' on input line 1368.
Package xcolor Info: Model `HSB' substituted by `hsb' on input line 1369.
Package xcolor Info: Model `Gray' substituted by `gray' on input line 1370.
Package xcolor Info: Model `wave' substituted by `hsb' on input line 1371.
) (/usr/share/texlive/texmf-dist/tex/latex/listings/listings.sty
\lst@mode=\count308
\lst@gtempboxa=\box63
\lst@token=\toks25
\lst@length=\count309
\lst@currlwidth=\dimen179
\lst@column=\count310
\lst@pos=\count311
\lst@lostspace=\dimen180
\lst@width=\dimen181
\lst@newlines=\count312
\lst@lineno=\count313
\lst@maxwidth=\dimen182
 (/usr/share/texlive/texmf-dist/tex/latex/listings/lstmisc.sty
File: lstmisc.sty 2020/03/24 1.8d (Carsten Heinz)
\c@lstnumber=\count314
\lst@skipnumbers=\count315
\lst@framebox=\box64
) (/usr/share/texlive/texmf-dist/tex/latex/listings/listings.cfg
File: listings.cfg 2020/03/24 1.8d listings configuration
))
Package: listings 2020/03/24 1.8d (Carsten Heinz)
\netBracketCount@mlpr=\count316
\blkLvl@mlpr=\count317
\blkLvlAtClassdef@mlpr=\count318
\emHeight@mlpr=\skip64
\jayDepth@mlpr=\skip65
\sectionRuleOffset@mlpr=\skip66
\toks@mlpr=\toks26
) (/usr/share/texlive/texmf-dist/tex/latex/filecontents/filecontents.sty
Package: filecontents 2019/09/20 v1.5 Create an external file from within a LaTeX document


Package filecontents Warning: This package is obsolete. Disabling it and
(filecontents)                passing control to the filecontents environment
(filecontents)                defined by the LaTeX kernel.

) (/usr/share/texlive/texmf-dist/tex/latex/graphics/graphicx.sty
Package: graphicx 2020/09/09 v1.2b Enhanced LaTeX Graphics (DPC,SPQR)
 (/usr/share/texlive/texmf-dist/tex/latex/graphics/graphics.sty
Package: graphics 2020/08/30 v1.4c Standard LaTeX Graphics (DPC,SPQR)
 (/usr/share/texlive/texmf-dist/tex/latex/graphics/trig.sty
Package: trig 2016/01/03 v1.10 sin cos tan (DPC)
) (/usr/share/texlive/texmf-dist/tex/latex/graphics-cfg/graphics.cfg
File: graphics.cfg 2016/06/04 v1.11 sample graphics configuration
)
Package graphics Info: Driver file: pdftex.def on input line 105.
)
\Gin@req@height=\dimen183
\Gin@req@width=\dimen184
)
Package hyperref Info: Option `colorlinks' set `true' on input line 20.
Package Listings Info: Made " a short reference for \lstinline on input line 31.
 (./report.aux)
\openout1 = `report.aux'.

LaTeX Font Info:    Checking defaults for OML/cmm/m/it on input line 40.
LaTeX Font Info:    ... okay on input line 40.
LaTeX Font Info:    Checking defaults for OMS/cmsy/m/n on input line 40.
LaTeX Font Info:    ... okay on input line 40.
LaTeX Font Info:    Checking defaults for OT1/cmr/m/n on input line 40.
LaTeX Font Info:    ... okay on input line 40.
LaTeX Font Info:    Checking defaults for T1/cmr/m/n on input line 40.
LaTeX Font Info:    ... okay on input line 40.
LaTeX Font Info:    Checking defaults for TS1/cmr/m/n on input line 40.
LaTeX Font Info:    ... okay on input line 40.
LaTeX Font Info:    Checking defaults for OMX/cmex/m/n on input line 40.
LaTeX Font Info:    ... okay on input line 40.
LaTeX Font Info:    Checking defaults for U/cmr/m/n on input line 40.
LaTeX Font Info:    ... okay on input line 40.
LaTeX Font Info:    Checking defaults for PD1/pdf/m/n on input line 40.
LaTeX Font Info:    ... okay on input line 40.
 (/usr/share/texlive/texmf-dist/tex/latex/siunitx/siunitx-abbreviations.cfg
File: siunitx-abbreviations.cfg 2017/11/26 v2.7k siunitx: Abbreviated units
) (/usr/share/texlive/texmf-dist/tex/latex/translator/translator-basic-dictionary-English.dict
Dictionary: translator-basic-dictionary, Language: English 
)
Package hyperref Info: Link coloring ON on input line 40.
 (/usr/share/texlive/texmf-dist/tex/latex/hyperref/nameref.sty
Package: nameref 2019/09/16 v2.46 Cross-referencing by name of section
 (/usr/share/texlive/texmf-dist/tex/latex/refcount/refcount.sty
Package: refcount 2019/12/15 v3.6 Data extraction from label references (HO)
) (/usr/share/texlive/texmf-dist/tex/generic/gettitlestring/gettitlestring.sty
Package: gettitlestring 2019/12/15 v1.6 Cleanup title references (HO)
)
\c@section@level=\count319
)
LaTeX Info: Redefining \ref on input line 40.
LaTeX Info: Redefining \pageref on input line 40.
LaTeX Info: Redefining \nameref on input line 40.
 (./report.out) (./report.out)
\@outlinefile=\write3
\openout3 = `report.out'.

\footinsdefault=\insert251
\FN@cache251=\box65
 (/usr/share/texlive/texmf-dist/tex/context/base/mkii/supp-pdf.mkii
[Loading MPS to PDF converter (version 2006.09.02).]
\scratchcounter=\count320
\scratchdimen=\dimen185
\scratchbox=\box66
\nofMPsegments=\count321
\nofMParguments=\count322
\everyMPshowfont=\toks27
\MPscratchCnt=\count323
\MPscratchDim=\dimen186
\MPnumerator=\count324
\makeMPintoPDFobject=\count325
\everyMPtoPDFconversion=\toks28
) (/usr/share/texlive/texmf-dist/tex/latex/epstopdf-pkg/epstopdf-base.sty
Package: epstopdf-base 2020-01-24 v2.11 Base part for package epstopdf
Package epstopdf-base Info: Redefining graphics rule for `.eps' on input line 485.
 (/usr/share/texlive/texmf-dist/tex/latex/latexconfig/epstopdf-sys.cfg
File: epstopdf-sys.cfg 2010/07/13 v1.3 Configuration of (r)epstopdf for TeX Live
))
\c@lstlisting=\count326
 [1

{/var/lib/texmf/fonts/map/pdftex/updmap/pdftex.map}] (./report.tocpdfTeX warning (ext4): destination with the same identifier (name{page.1}) has been already used, duplicate ignored
<to be read again> 
                   \relax 
l.28 ...\numberline {3.3}Results}{24}{section.3.3}
                                                  % [1

])
\tf@toc=\write4
\openout4 = `report.toc'.

 [2]
Chapter 1.
[3

]
Package epstopdf Info: Source file: <task1falsepositionoverall.eps>
(epstopdf)                    date: 2021-12-03 04:34:38
(epstopdf)                    size: 44376 bytes
(epstopdf)             Output file: <task1falsepositionoverall-eps-converted-to.pdf>
(epstopdf)                    date: 2021-12-03 05:49:31
(epstopdf)                    size: 21613 bytes
(epstopdf)             Command: <repstopdf --outfile=task1falsepositionoverall-eps-converted-to.pdf task1falsepositionoverall.eps>
(epstopdf)             \includegraphics on input line 89.
Package epstopdf Info: Output file is already uptodate.
<task1falsepositionoverall-eps-converted-to.pdf, id=228, 1385.175pt x 712.6625pt>
File: task1falsepositionoverall-eps-converted-to.pdf Graphic file (type pdf)
<use task1falsepositionoverall-eps-converted-to.pdf>
Package pdftex.def Info: task1falsepositionoverall-eps-converted-to.pdf  used on input line 89.
(pdftex.def)             Requested size: 346.29291pt x 178.16519pt.
 [4]
Package epstopdf Info: Source file: <task1falsepositionzommedleft.eps>
(epstopdf)                    date: 2021-12-03 04:34:59
(epstopdf)                    size: 20632 bytes
(epstopdf)             Output file: <task1falsepositionzommedleft-eps-converted-to.pdf>
(epstopdf)                    date: 2021-12-03 05:49:31
(epstopdf)                    size: 12359 bytes
(epstopdf)             Command: <repstopdf --outfile=task1falsepositionzommedleft-eps-converted-to.pdf task1falsepositionzommedleft.eps>
(epstopdf)             \includegraphics on input line 93.
Package epstopdf Info: Output file is already uptodate.
<task1falsepositionzommedleft-eps-converted-to.pdf, id=238, 1385.175pt x 712.6625pt>
File: task1falsepositionzommedleft-eps-converted-to.pdf Graphic file (type pdf)
<use task1falsepositionzommedleft-eps-converted-to.pdf>
Package pdftex.def Info: task1falsepositionzommedleft-eps-converted-to.pdf  used on input line 93.
(pdftex.def)             Requested size: 346.29291pt x 178.16519pt.
Package epstopdf Info: Source file: <task1falsepositionzommedright.eps>
(epstopdf)                    date: 2021-12-03 04:35:29
(epstopdf)                    size: 17120 bytes
(epstopdf)             Output file: <task1falsepositionzommedright-eps-converted-to.pdf>
(epstopdf)                    date: 2021-12-03 05:49:32
(epstopdf)                    size: 9154 bytes
(epstopdf)             Command: <repstopdf --outfile=task1falsepositionzommedright-eps-converted-to.pdf task1falsepositionzommedright.eps>
(epstopdf)             \includegraphics on input line 97.
Package epstopdf Info: Output file is already uptodate.
<task1falsepositionzommedright-eps-converted-to.pdf, id=239, 1385.175pt x 712.6625pt>
File: task1falsepositionzommedright-eps-converted-to.pdf Graphic file (type pdf)
<use task1falsepositionzommedright-eps-converted-to.pdf>
Package pdftex.def Info: task1falsepositionzommedright-eps-converted-to.pdf  used on input line 97.
(pdftex.def)             Requested size: 346.29291pt x 178.16519pt.
 [5 <./task1falsepositionoverall-eps-converted-to.pdf> <./task1falsepositionzommedleft-eps-converted-to.pdf>] [6 <./task1falsepositionzommedright-eps-converted-to.pdf>] [7]
Package epstopdf Info: Source file: <task1Newtonoverall.eps>
(epstopdf)                    date: 2021-12-03 04:36:08
(epstopdf)                    size: 42219 bytes
(epstopdf)             Output file: <task1Newtonoverall-eps-converted-to.pdf>
(epstopdf)                    date: 2021-12-03 05:49:32
(epstopdf)                    size: 19697 bytes
(epstopdf)             Command: <repstopdf --outfile=task1Newtonoverall-eps-converted-to.pdf task1Newtonoverall.eps>
(epstopdf)             \includegraphics on input line 224.
Package epstopdf Info: Output file is already uptodate.
<task1Newtonoverall-eps-converted-to.pdf, id=277, 1385.175pt x 712.6625pt>
File: task1Newtonoverall-eps-converted-to.pdf Graphic file (type pdf)
<use task1Newtonoverall-eps-converted-to.pdf>
Package pdftex.def Info: task1Newtonoverall-eps-converted-to.pdf  used on input line 224.
(pdftex.def)             Requested size: 346.29291pt x 178.16519pt.
 [8]
Package epstopdf Info: Source file: <task1Newtonzommedleft.eps>
(epstopdf)                    date: 2021-12-03 04:36:25
(epstopdf)                    size: 17046 bytes
(epstopdf)             Output file: <task1Newtonzommedleft-eps-converted-to.pdf>
(epstopdf)                    date: 2021-12-03 05:49:32
(epstopdf)                    size: 9310 bytes
(epstopdf)             Command: <repstopdf --outfile=task1Newtonzommedleft-eps-converted-to.pdf task1Newtonzommedleft.eps>
(epstopdf)             \includegraphics on input line 228.
Package epstopdf Info: Output file is already uptodate.
<task1Newtonzommedleft-eps-converted-to.pdf, id=283, 1385.175pt x 712.6625pt>
File: task1Newtonzommedleft-eps-converted-to.pdf Graphic file (type pdf)
<use task1Newtonzommedleft-eps-converted-to.pdf>
Package pdftex.def Info: task1Newtonzommedleft-eps-converted-to.pdf  used on input line 228.
(pdftex.def)             Requested size: 346.29291pt x 178.16519pt.
Package epstopdf Info: Source file: <task1Newtonzommedright.eps>
(epstopdf)                    date: 2021-12-03 04:36:42
(epstopdf)                    size: 17986 bytes
(epstopdf)             Output file: <task1Newtonzommedright-eps-converted-to.pdf>
(epstopdf)                    date: 2021-12-03 05:49:32
(epstopdf)                    size: 9809 bytes
(epstopdf)             Command: <repstopdf --outfile=task1Newtonzommedright-eps-converted-to.pdf task1Newtonzommedright.eps>
(epstopdf)             \includegraphics on input line 232.
Package epstopdf Info: Output file is already uptodate.
<task1Newtonzommedright-eps-converted-to.pdf, id=284, 1385.175pt x 712.6625pt>
File: task1Newtonzommedright-eps-converted-to.pdf Graphic file (type pdf)
<use task1Newtonzommedright-eps-converted-to.pdf>
Package pdftex.def Info: task1Newtonzommedright-eps-converted-to.pdf  used on input line 232.
(pdftex.def)             Requested size: 346.29291pt x 178.16519pt.
 [9 <./task1Newtonoverall-eps-converted-to.pdf> <./task1Newtonzommedleft-eps-converted-to.pdf>] [10 <./task1Newtonzommedright-eps-converted-to.pdf>] [11]
Chapter 2.
[12

] [13]
Package epstopdf Info: Source file: <task2mm1realoverall.eps>
(epstopdf)                    date: 2021-12-03 05:44:25
(epstopdf)                    size: 42438 bytes
(epstopdf)             Output file: <task2mm1realoverall-eps-converted-to.pdf>
(epstopdf)                    date: 2021-12-03 05:49:32
(epstopdf)                    size: 20946 bytes
(epstopdf)             Command: <repstopdf --outfile=task2mm1realoverall-eps-converted-to.pdf task2mm1realoverall.eps>
(epstopdf)             \includegraphics on input line 373.
Package epstopdf Info: Output file is already uptodate.
<task2mm1realoverall-eps-converted-to.pdf, id=334, 1385.175pt x 712.6625pt>
File: task2mm1realoverall-eps-converted-to.pdf Graphic file (type pdf)
<use task2mm1realoverall-eps-converted-to.pdf>
Package pdftex.def Info: task2mm1realoverall-eps-converted-to.pdf  used on input line 373.
(pdftex.def)             Requested size: 346.29291pt x 178.16519pt.
 [14]
Package epstopdf Info: Source file: <task2mm1realleft.eps>
(epstopdf)                    date: 2021-12-03 05:44:39
(epstopdf)                    size: 17067 bytes
(epstopdf)             Output file: <task2mm1realleft-eps-converted-to.pdf>
(epstopdf)                    date: 2021-12-03 05:49:33
(epstopdf)                    size: 9875 bytes
(epstopdf)             Command: <repstopdf --outfile=task2mm1realleft-eps-converted-to.pdf task2mm1realleft.eps>
(epstopdf)             \includegraphics on input line 377.
Package epstopdf Info: Output file is already uptodate.
<task2mm1realleft-eps-converted-to.pdf, id=340, 1385.175pt x 712.6625pt>
File: task2mm1realleft-eps-converted-to.pdf Graphic file (type pdf)
<use task2mm1realleft-eps-converted-to.pdf>
Package pdftex.def Info: task2mm1realleft-eps-converted-to.pdf  used on input line 377.
(pdftex.def)             Requested size: 346.29291pt x 178.16519pt.
Package epstopdf Info: Source file: <task2mm1realright.eps>
(epstopdf)                    date: 2021-12-03 05:44:54
(epstopdf)                    size: 17105 bytes
(epstopdf)             Output file: <task2mm1realright-eps-converted-to.pdf>
(epstopdf)                    date: 2021-12-03 05:49:33
(epstopdf)                    size: 9271 bytes
(epstopdf)             Command: <repstopdf --outfile=task2mm1realright-eps-converted-to.pdf task2mm1realright.eps>
(epstopdf)             \includegraphics on input line 381.
Package epstopdf Info: Output file is already uptodate.
<task2mm1realright-eps-converted-to.pdf, id=341, 1385.175pt x 712.6625pt>
File: task2mm1realright-eps-converted-to.pdf Graphic file (type pdf)
<use task2mm1realright-eps-converted-to.pdf>
Package pdftex.def Info: task2mm1realright-eps-converted-to.pdf  used on input line 381.
(pdftex.def)             Requested size: 346.29291pt x 178.16519pt.
 [15 <./task2mm1realoverall-eps-converted-to.pdf> <./task2mm1realleft-eps-converted-to.pdf>]
Package epstopdf Info: Source file: <task2mm1complexoverall.eps>
(epstopdf)                    date: 2021-12-03 05:45:10
(epstopdf)                    size: 16860 bytes
(epstopdf)             Output file: <task2mm1complexoverall-eps-converted-to.pdf>
(epstopdf)                    date: 2021-12-03 05:49:33
(epstopdf)                    size: 9106 bytes
(epstopdf)             Command: <repstopdf --outfile=task2mm1complexoverall-eps-converted-to.pdf task2mm1complexoverall.eps>
(epstopdf)             \includegraphics on input line 385.
Package epstopdf Info: Output file is already uptodate.
<task2mm1complexoverall-eps-converted-to.pdf, id=362, 1385.175pt x 712.6625pt>
File: task2mm1complexoverall-eps-converted-to.pdf Graphic file (type pdf)
<use task2mm1complexoverall-eps-converted-to.pdf>
Package pdftex.def Info: task2mm1complexoverall-eps-converted-to.pdf  used on input line 385.
(pdftex.def)             Requested size: 346.29291pt x 178.16519pt.
Package epstopdf Info: Source file: <task2mm1complexdown.eps>
(epstopdf)                    date: 2021-12-03 05:45:22
(epstopdf)                    size: 17299 bytes
(epstopdf)             Output file: <task2mm1complexdown-eps-converted-to.pdf>
(epstopdf)                    date: 2021-12-03 05:49:33
(epstopdf)                    size: 9352 bytes
(epstopdf)             Command: <repstopdf --outfile=task2mm1complexdown-eps-converted-to.pdf task2mm1complexdown.eps>
(epstopdf)             \includegraphics on input line 389.
Package epstopdf Info: Output file is already uptodate.
<task2mm1complexdown-eps-converted-to.pdf, id=363, 1385.175pt x 712.6625pt>
File: task2mm1complexdown-eps-converted-to.pdf Graphic file (type pdf)
<use task2mm1complexdown-eps-converted-to.pdf>
Package pdftex.def Info: task2mm1complexdown-eps-converted-to.pdf  used on input line 389.
(pdftex.def)             Requested size: 346.29291pt x 178.16519pt.
Package epstopdf Info: Source file: <task2mm1complexmiddle.eps>
(epstopdf)                    date: 2021-12-03 05:45:35
(epstopdf)                    size: 15057 bytes
(epstopdf)             Output file: <task2mm1complexmiddle-eps-converted-to.pdf>
(epstopdf)                    date: 2021-12-03 05:49:34
(epstopdf)                    size: 8837 bytes
(epstopdf)             Command: <repstopdf --outfile=task2mm1complexmiddle-eps-converted-to.pdf task2mm1complexmiddle.eps>
(epstopdf)             \includegraphics on input line 393.
Package epstopdf Info: Output file is already uptodate.
<task2mm1complexmiddle-eps-converted-to.pdf, id=364, 1385.175pt x 712.6625pt>
File: task2mm1complexmiddle-eps-converted-to.pdf Graphic file (type pdf)
<use task2mm1complexmiddle-eps-converted-to.pdf>
Package pdftex.def Info: task2mm1complexmiddle-eps-converted-to.pdf  used on input line 393.
(pdftex.def)             Requested size: 346.29291pt x 178.16519pt.
 [16 <./task2mm1realright-eps-converted-to.pdf> <./task2mm1complexoverall-eps-converted-to.pdf> <./task2mm1complexdown-eps-converted-to.pdf>]
Package epstopdf Info: Source file: <task2mm1complexup.eps>
(epstopdf)                    date: 2021-12-03 05:45:48
(epstopdf)                    size: 15773 bytes
(epstopdf)             Output file: <task2mm1complexup-eps-converted-to.pdf>
(epstopdf)                    date: 2021-12-03 05:49:34
(epstopdf)                    size: 8778 bytes
(epstopdf)             Command: <repstopdf --outfile=task2mm1complexup-eps-converted-to.pdf task2mm1complexup.eps>
(epstopdf)             \includegraphics on input line 397.
Package epstopdf Info: Output file is already uptodate.
<task2mm1complexup-eps-converted-to.pdf, id=393, 1385.175pt x 712.6625pt>
File: task2mm1complexup-eps-converted-to.pdf Graphic file (type pdf)
<use task2mm1complexup-eps-converted-to.pdf>
Package pdftex.def Info: task2mm1complexup-eps-converted-to.pdf  used on input line 397.
(pdftex.def)             Requested size: 346.29291pt x 178.16519pt.
Package epstopdf Info: Source file: <task2mm2realoverall.eps>
(epstopdf)                    date: 2021-12-03 05:46:09
(epstopdf)                    size: 42234 bytes
(epstopdf)             Output file: <task2mm2realoverall-eps-converted-to.pdf>
(epstopdf)                    date: 2021-12-03 05:49:34
(epstopdf)                    size: 20674 bytes
(epstopdf)             Command: <repstopdf --outfile=task2mm2realoverall-eps-converted-to.pdf task2mm2realoverall.eps>
(epstopdf)             \includegraphics on input line 402.
Package epstopdf Info: Output file is already uptodate.
<task2mm2realoverall-eps-converted-to.pdf, id=394, 1385.175pt x 712.6625pt>
File: task2mm2realoverall-eps-converted-to.pdf Graphic file (type pdf)
<use task2mm2realoverall-eps-converted-to.pdf>
Package pdftex.def Info: task2mm2realoverall-eps-converted-to.pdf  used on input line 402.
(pdftex.def)             Requested size: 346.29291pt x 178.16519pt.
 [17 <./task2mm1complexmiddle-eps-converted-to.pdf> <./task2mm1complexup-eps-converted-to.pdf>]
Package epstopdf Info: Source file: <task2mm2realleft.eps>
(epstopdf)                    date: 2021-12-03 05:46:21
(epstopdf)                    size: 16999 bytes
(epstopdf)             Output file: <task2mm2realleft-eps-converted-to.pdf>
(epstopdf)                    date: 2021-12-03 05:49:34
(epstopdf)                    size: 9627 bytes
(epstopdf)             Command: <repstopdf --outfile=task2mm2realleft-eps-converted-to.pdf task2mm2realleft.eps>
(epstopdf)             \includegraphics on input line 406.
Package epstopdf Info: Output file is already uptodate.
<task2mm2realleft-eps-converted-to.pdf, id=415, 1385.175pt x 712.6625pt>
File: task2mm2realleft-eps-converted-to.pdf Graphic file (type pdf)
<use task2mm2realleft-eps-converted-to.pdf>
Package pdftex.def Info: task2mm2realleft-eps-converted-to.pdf  used on input line 406.
(pdftex.def)             Requested size: 346.29291pt x 178.16519pt.
Package epstopdf Info: Source file: <task2mm2realright.eps>
(epstopdf)                    date: 2021-12-03 05:46:32
(epstopdf)                    size: 17592 bytes
(epstopdf)             Output file: <task2mm2realright-eps-converted-to.pdf>
(epstopdf)                    date: 2021-12-03 05:49:34
(epstopdf)                    size: 9347 bytes
(epstopdf)             Command: <repstopdf --outfile=task2mm2realright-eps-converted-to.pdf task2mm2realright.eps>
(epstopdf)             \includegraphics on input line 410.
Package epstopdf Info: Output file is already uptodate.
<task2mm2realright-eps-converted-to.pdf, id=416, 1385.175pt x 712.6625pt>
File: task2mm2realright-eps-converted-to.pdf Graphic file (type pdf)
<use task2mm2realright-eps-converted-to.pdf>
Package pdftex.def Info: task2mm2realright-eps-converted-to.pdf  used on input line 410.
(pdftex.def)             Requested size: 346.29291pt x 178.16519pt.
 [18 <./task2mm2realoverall-eps-converted-to.pdf> <./task2mm2realleft-eps-converted-to.pdf>]
Package epstopdf Info: Source file: <task2mm2complexoverall.eps>
(epstopdf)                    date: 2021-12-03 05:46:44
(epstopdf)                    size: 17747 bytes
(epstopdf)             Output file: <task2mm2complexoverall-eps-converted-to.pdf>
(epstopdf)                    date: 2021-12-03 05:49:35
(epstopdf)                    size: 9409 bytes
(epstopdf)             Command: <repstopdf --outfile=task2mm2complexoverall-eps-converted-to.pdf task2mm2complexoverall.eps>
(epstopdf)             \includegraphics on input line 414.
Package epstopdf Info: Output file is already uptodate.
<task2mm2complexoverall-eps-converted-to.pdf, id=438, 1385.175pt x 712.6625pt>
File: task2mm2complexoverall-eps-converted-to.pdf Graphic file (type pdf)
<use task2mm2complexoverall-eps-converted-to.pdf>
Package pdftex.def Info: task2mm2complexoverall-eps-converted-to.pdf  used on input line 414.
(pdftex.def)             Requested size: 346.29291pt x 178.16519pt.
Package epstopdf Info: Source file: <task2mm2complexright.eps>
(epstopdf)                    date: 2021-12-03 05:47:04
(epstopdf)                    size: 16509 bytes
(epstopdf)             Output file: <task2mm2complexright-eps-converted-to.pdf>
(epstopdf)                    date: 2021-12-03 05:49:35
(epstopdf)                    size: 9154 bytes
(epstopdf)             Command: <repstopdf --outfile=task2mm2complexright-eps-converted-to.pdf task2mm2complexright.eps>
(epstopdf)             \includegraphics on input line 418.
Package epstopdf Info: Output file is already uptodate.
<task2mm2complexright-eps-converted-to.pdf, id=439, 1385.175pt x 712.6625pt>
File: task2mm2complexright-eps-converted-to.pdf Graphic file (type pdf)
<use task2mm2complexright-eps-converted-to.pdf>
Package pdftex.def Info: task2mm2complexright-eps-converted-to.pdf  used on input line 418.
(pdftex.def)             Requested size: 346.29291pt x 178.16519pt.
Package epstopdf Info: Source file: <task2mm2complexleft.eps>
(epstopdf)                    date: 2021-12-03 05:47:18
(epstopdf)                    size: 17136 bytes
(epstopdf)             Output file: <task2mm2complexleft-eps-converted-to.pdf>
(epstopdf)                    date: 2021-12-03 05:49:35
(epstopdf)                    size: 9090 bytes
(epstopdf)             Command: <repstopdf --outfile=task2mm2complexleft-eps-converted-to.pdf task2mm2complexleft.eps>
(epstopdf)             \includegraphics on input line 422.
Package epstopdf Info: Output file is already uptodate.
<task2mm2complexleft-eps-converted-to.pdf, id=440, 1385.175pt x 712.6625pt>
File: task2mm2complexleft-eps-converted-to.pdf Graphic file (type pdf)
<use task2mm2complexleft-eps-converted-to.pdf>
Package pdftex.def Info: task2mm2complexleft-eps-converted-to.pdf  used on input line 422.
(pdftex.def)             Requested size: 346.29291pt x 178.16519pt.
 [19 <./task2mm2realright-eps-converted-to.pdf> <./task2mm2complexoverall-eps-converted-to.pdf> <./task2mm2complexright-eps-converted-to.pdf>]
Package epstopdf Info: Source file: <task2mm2complexup.eps>
(epstopdf)                    date: 2021-12-03 05:47:31
(epstopdf)                    size: 17389 bytes
(epstopdf)             Output file: <task2mm2complexup-eps-converted-to.pdf>
(epstopdf)                    date: 2021-12-03 05:49:35
(epstopdf)                    size: 9363 bytes
(epstopdf)             Command: <repstopdf --outfile=task2mm2complexup-eps-converted-to.pdf task2mm2complexup.eps>
(epstopdf)             \includegraphics on input line 426.
Package epstopdf Info: Output file is already uptodate.
<task2mm2complexup-eps-converted-to.pdf, id=469, 1385.175pt x 712.6625pt>
File: task2mm2complexup-eps-converted-to.pdf Graphic file (type pdf)
<use task2mm2complexup-eps-converted-to.pdf>
Package pdftex.def Info: task2mm2complexup-eps-converted-to.pdf  used on input line 426.
(pdftex.def)             Requested size: 346.29291pt x 178.16519pt.
 [20 <./task2mm2complexleft-eps-converted-to.pdf> <./task2mm2complexup-eps-converted-to.pdf>] [21] [22]
Chapter 3.
[23

]
Package epstopdf Info: Source file: <task3overall.eps>
(epstopdf)                    date: 2021-12-03 05:52:39
(epstopdf)                    size: 42160 bytes
(epstopdf)             Output file: <task3overall-eps-converted-to.pdf>
(epstopdf)                    date: 2021-12-03 05:54:40
(epstopdf)                    size: 20523 bytes
(epstopdf)             Command: <repstopdf --outfile=task3overall-eps-converted-to.pdf task3overall.eps>
(epstopdf)             \includegraphics on input line 594.
Package epstopdf Info: Output file is already uptodate.
<task3overall-eps-converted-to.pdf, id=503, 1385.175pt x 712.6625pt>
File: task3overall-eps-converted-to.pdf Graphic file (type pdf)
<use task3overall-eps-converted-to.pdf>
Package pdftex.def Info: task3overall-eps-converted-to.pdf  used on input line 594.
(pdftex.def)             Requested size: 346.29291pt x 178.16519pt.
Package epstopdf Info: Source file: <task3left.eps>
(epstopdf)                    date: 2021-12-03 05:52:50
(epstopdf)                    size: 18391 bytes
(epstopdf)             Output file: <task3left-eps-converted-to.pdf>
(epstopdf)                    date: 2021-12-03 05:54:40
(epstopdf)                    size: 9752 bytes
(epstopdf)             Command: <repstopdf --outfile=task3left-eps-converted-to.pdf task3left.eps>
(epstopdf)             \includegraphics on input line 599.
Package epstopdf Info: Output file is already uptodate.
<task3left-eps-converted-to.pdf, id=504, 1385.175pt x 712.6625pt>
File: task3left-eps-converted-to.pdf Graphic file (type pdf)
<use task3left-eps-converted-to.pdf>
Package pdftex.def Info: task3left-eps-converted-to.pdf  used on input line 599.
(pdftex.def)             Requested size: 346.29291pt x 178.16519pt.
Package epstopdf Info: Source file: <task3right.eps>
(epstopdf)                    date: 2021-12-03 05:53:01
(epstopdf)                    size: 17899 bytes
(epstopdf)             Output file: <task3right-eps-converted-to.pdf>
(epstopdf)                    date: 2021-12-03 05:54:41
(epstopdf)                    size: 9354 bytes
(epstopdf)             Command: <repstopdf --outfile=task3right-eps-converted-to.pdf task3right.eps>
(epstopdf)             \includegraphics on input line 603.
Package epstopdf Info: Output file is already uptodate.
<task3right-eps-converted-to.pdf, id=505, 1385.175pt x 712.6625pt>
File: task3right-eps-converted-to.pdf Graphic file (type pdf)
<use task3right-eps-converted-to.pdf>
Package pdftex.def Info: task3right-eps-converted-to.pdf  used on input line 603.
(pdftex.def)             Requested size: 346.29291pt x 178.16519pt.
 [24 <./task3overall-eps-converted-to.pdf> <./task3left-eps-converted-to.pdf>]
Package epstopdf Info: Source file: <task3complexoverall.eps>
(epstopdf)                    date: 2021-12-03 05:53:19
(epstopdf)                    size: 16613 bytes
(epstopdf)             Output file: <task3complexoverall-eps-converted-to.pdf>
(epstopdf)                    date: 2021-12-03 05:54:41
(epstopdf)                    size: 9282 bytes
(epstopdf)             Command: <repstopdf --outfile=task3complexoverall-eps-converted-to.pdf task3complexoverall.eps>
(epstopdf)             \includegraphics on input line 607.
Package epstopdf Info: Output file is already uptodate.
<task3complexoverall-eps-converted-to.pdf, id=527, 1385.175pt x 712.6625pt>
File: task3complexoverall-eps-converted-to.pdf Graphic file (type pdf)
<use task3complexoverall-eps-converted-to.pdf>
Package pdftex.def Info: task3complexoverall-eps-converted-to.pdf  used on input line 607.
(pdftex.def)             Requested size: 346.29291pt x 178.16519pt.
Package epstopdf Info: Source file: <task3complexleft.eps>
(epstopdf)                    date: 2021-12-03 05:53:50
(epstopdf)                    size: 16074 bytes
(epstopdf)             Output file: <task3complexleft-eps-converted-to.pdf>
(epstopdf)                    date: 2021-12-03 05:54:41
(epstopdf)                    size: 9115 bytes
(epstopdf)             Command: <repstopdf --outfile=task3complexleft-eps-converted-to.pdf task3complexleft.eps>
(epstopdf)             \includegraphics on input line 611.
Package epstopdf Info: Output file is already uptodate.
<task3complexleft-eps-converted-to.pdf, id=528, 1385.175pt x 712.6625pt>
File: task3complexleft-eps-converted-to.pdf Graphic file (type pdf)
<use task3complexleft-eps-converted-to.pdf>
Package pdftex.def Info: task3complexleft-eps-converted-to.pdf  used on input line 611.
(pdftex.def)             Requested size: 346.29291pt x 178.16519pt.
Package epstopdf Info: Source file: <task3complexright.eps>
(epstopdf)                    date: 2021-12-03 05:53:37
(epstopdf)                    size: 18005 bytes
(epstopdf)             Output file: <task3complexright-eps-converted-to.pdf>
(epstopdf)                    date: 2021-12-03 05:54:41
(epstopdf)                    size: 9361 bytes
(epstopdf)             Command: <repstopdf --outfile=task3complexright-eps-converted-to.pdf task3complexright.eps>
(epstopdf)             \includegraphics on input line 615.
Package epstopdf Info: Output file is already uptodate.
<task3complexright-eps-converted-to.pdf, id=529, 1385.175pt x 712.6625pt>
File: task3complexright-eps-converted-to.pdf Graphic file (type pdf)
<use task3complexright-eps-converted-to.pdf>
Package pdftex.def Info: task3complexright-eps-converted-to.pdf  used on input line 615.
(pdftex.def)             Requested size: 346.29291pt x 178.16519pt.
 [25 <./task3right-eps-converted-to.pdf> <./task3complexoverall-eps-converted-to.pdf> <./task3complexleft-eps-converted-to.pdf>]
Package epstopdf Info: Source file: <task3complexup.eps>
(epstopdf)                    date: 2021-12-03 05:54:00
(epstopdf)                    size: 17027 bytes
(epstopdf)             Output file: <task3complexup-eps-converted-to.pdf>
(epstopdf)                    date: 2021-12-03 05:54:41
(epstopdf)                    size: 9677 bytes
(epstopdf)             Command: <repstopdf --outfile=task3complexup-eps-converted-to.pdf task3complexup.eps>
(epstopdf)             \includegraphics on input line 619.
Package epstopdf Info: Output file is already uptodate.
<task3complexup-eps-converted-to.pdf, id=558, 1385.175pt x 712.6625pt>
File: task3complexup-eps-converted-to.pdf Graphic file (type pdf)
<use task3complexup-eps-converted-to.pdf>
Package pdftex.def Info: task3complexup-eps-converted-to.pdf  used on input line 619.
(pdftex.def)             Requested size: 346.29291pt x 178.16519pt.
 [26 <./task3complexright-eps-converted-to.pdf> <./task3complexup-eps-converted-to.pdf>] [27]
Chapter 4.
LaTeX Font Info:    Trying to load font information for T1+fvm on input line 695.
(/usr/share/texlive/texmf-dist/tex/latex/bera/t1fvm.fd
File: t1fvm.fd 2004/09/07 scalable font definitions for T1/fvm.
)
LaTeX Font Info:    Font shape `T1/fvm/m/n' will be
(Font)              scaled to size 10.20007pt on input line 695.
Package textcomp Info: Symbol \textminus not provided by
(textcomp)             font family fvm in TS1 encoding.
(textcomp)             Default family used instead on input line 696.
LaTeX Font Info:    Trying to load font information for TS1+fvm on input line 699.
 (/usr/share/texlive/texmf-dist/tex/latex/bera/ts1fvm.fd
File: ts1fvm.fd 2004/09/07 scalable font definitions for TS1/fvm.
)
LaTeX Font Info:    Font shape `TS1/fvm/m/n' will be
(Font)              scaled to size 10.20007pt on input line 699.
Package textcomp Info: Symbol \textminus not provided by
(textcomp)             font family fvm in TS1 encoding.
(textcomp)             Default family used instead on input line 707.
Package textcomp Info: Symbol \textminus not provided by
(textcomp)             font family fvm in TS1 encoding.
(textcomp)             Default family used instead on input line 707.
Package textcomp Info: Symbol \textminus not provided by
(textcomp)             font family fvm in TS1 encoding.
(textcomp)             Default family used instead on input line 707.
 [28

]
Package textcomp Info: Symbol \textminus not provided by
(textcomp)             font family fvm in TS1 encoding.
(textcomp)             Default family used instead on input line 741.
Package textcomp Info: Symbol \textminus not provided by
(textcomp)             font family fvm in TS1 encoding.
(textcomp)             Default family used instead on input line 741.
Package textcomp Info: Symbol \textminus not provided by
(textcomp)             font family fvm in TS1 encoding.
(textcomp)             Default family used instead on input line 741.
 [29]
Package textcomp Info: Symbol \textminus not provided by
(textcomp)             font family fvm in TS1 encoding.
(textcomp)             Default family used instead on input line 752.
Package textcomp Info: Symbol \textminus not provided by
(textcomp)             font family fvm in TS1 encoding.
(textcomp)             Default family used instead on input line 752.
 [30] [31]
Package textcomp Info: Symbol \textminus not provided by
(textcomp)             font family fvm in TS1 encoding.
(textcomp)             Default family used instead on input line 805.
Package textcomp Info: Symbol \textminus not provided by
(textcomp)             font family fvm in TS1 encoding.
(textcomp)             Default family used instead on input line 806.
Package textcomp Info: Symbol \textminus not provided by
(textcomp)             font family fvm in TS1 encoding.
(textcomp)             Default family used instead on input line 806.
Package textcomp Info: Symbol \textminus not provided by
(textcomp)             font family fvm in TS1 encoding.
(textcomp)             Default family used instead on input line 807.
Package textcomp Info: Symbol \textminus not provided by
(textcomp)             font family fvm in TS1 encoding.
(textcomp)             Default family used instead on input line 808.
Package textcomp Info: Symbol \textminus not provided by
(textcomp)             font family fvm in TS1 encoding.
(textcomp)             Default family used instead on input line 808.
Package textcomp Info: Symbol \textminus not provided by
(textcomp)             font family fvm in TS1 encoding.
(textcomp)             Default family used instead on input line 810.
Package textcomp Info: Symbol \textminus not provided by
(textcomp)             font family fvm in TS1 encoding.
(textcomp)             Default family used instead on input line 810.
Package textcomp Info: Symbol \textminus not provided by
(textcomp)             font family fvm in TS1 encoding.
(textcomp)             Default family used instead on input line 837.
 [32]
Package textcomp Info: Symbol \textminus not provided by
(textcomp)             font family fvm in TS1 encoding.
(textcomp)             Default family used instead on input line 848.
Package textcomp Info: Symbol \textminus not provided by
(textcomp)             font family fvm in TS1 encoding.
(textcomp)             Default family used instead on input line 848.
Package textcomp Info: Symbol \textminus not provided by
(textcomp)             font family fvm in TS1 encoding.
(textcomp)             Default family used instead on input line 848.
 [33]
Package textcomp Info: Symbol \textminus not provided by
(textcomp)             font family fvm in TS1 encoding.
(textcomp)             Default family used instead on input line 900.
Package textcomp Info: Symbol \textminus not provided by
(textcomp)             font family fvm in TS1 encoding.
(textcomp)             Default family used instead on input line 900.
Package textcomp Info: Symbol \textminus not provided by
(textcomp)             font family fvm in TS1 encoding.
(textcomp)             Default family used instead on input line 901.
 [34]
Package textcomp Info: Symbol \textminus not provided by
(textcomp)             font family fvm in TS1 encoding.
(textcomp)             Default family used instead on input line 926.
Package textcomp Info: Symbol \textminus not provided by
(textcomp)             font family fvm in TS1 encoding.
(textcomp)             Default family used instead on input line 931.
Package textcomp Info: Symbol \textminus not provided by
(textcomp)             font family fvm in TS1 encoding.
(textcomp)             Default family used instead on input line 931.
Package textcomp Info: Symbol \textminus not provided by
(textcomp)             font family fvm in TS1 encoding.
(textcomp)             Default family used instead on input line 939.
 [35] [36] [37]
Package textcomp Info: Symbol \textminus not provided by
(textcomp)             font family fvm in TS1 encoding.
(textcomp)             Default family used instead on input line 1024.
Package textcomp Info: Symbol \textminus not provided by
(textcomp)             font family fvm in TS1 encoding.
(textcomp)             Default family used instead on input line 1025.
Package textcomp Info: Symbol \textminus not provided by
(textcomp)             font family fvm in TS1 encoding.
(textcomp)             Default family used instead on input line 1026.
Package textcomp Info: Symbol \textminus not provided by
(textcomp)             font family fvm in TS1 encoding.
(textcomp)             Default family used instead on input line 1027.
Package textcomp Info: Symbol \textminus not provided by
(textcomp)             font family fvm in TS1 encoding.
(textcomp)             Default family used instead on input line 1038.
Package textcomp Info: Symbol \textminus not provided by
(textcomp)             font family fvm in TS1 encoding.
(textcomp)             Default family used instead on input line 1041.
 [38]
Package textcomp Info: Symbol \textminus not provided by
(textcomp)             font family fvm in TS1 encoding.
(textcomp)             Default family used instead on input line 1063.
Package textcomp Info: Symbol \textminus not provided by
(textcomp)             font family fvm in TS1 encoding.
(textcomp)             Default family used instead on input line 1063.
Package textcomp Info: Symbol \textminus not provided by
(textcomp)             font family fvm in TS1 encoding.
(textcomp)             Default family used instead on input line 1064.
Package textcomp Info: Symbol \textminus not provided by
(textcomp)             font family fvm in TS1 encoding.
(textcomp)             Default family used instead on input line 1064.
Package textcomp Info: Symbol \textminus not provided by
(textcomp)             font family fvm in TS1 encoding.
(textcomp)             Default family used instead on input line 1064.
 [39]
Package textcomp Info: Symbol \textminus not provided by
(textcomp)             font family fvm in TS1 encoding.
(textcomp)             Default family used instead on input line 1096.
Package textcomp Info: Symbol \textminus not provided by
(textcomp)             font family fvm in TS1 encoding.
(textcomp)             Default family used instead on input line 1099.
 [40]
Package textcomp Info: Symbol \textminus not provided by
(textcomp)             font family fvm in TS1 encoding.
(textcomp)             Default family used instead on input line 1127.
Package textcomp Info: Symbol \textminus not provided by
(textcomp)             font family fvm in TS1 encoding.
(textcomp)             Default family used instead on input line 1132.
Package textcomp Info: Symbol \textminus not provided by
(textcomp)             font family fvm in TS1 encoding.
(textcomp)             Default family used instead on input line 1132.
Package textcomp Info: Symbol \textminus not provided by
(textcomp)             font family fvm in TS1 encoding.
(textcomp)             Default family used instead on input line 1140.
 [41]
Package textcomp Info: Symbol \textminus not provided by
(textcomp)             font family fvm in TS1 encoding.
(textcomp)             Default family used instead on input line 1205.
Package textcomp Info: Symbol \textminus not provided by
(textcomp)             font family fvm in TS1 encoding.
(textcomp)             Default family used instead on input line 1205.
Package textcomp Info: Symbol \textminus not provided by
(textcomp)             font family fvm in TS1 encoding.
(textcomp)             Default family used instead on input line 1206.
Package textcomp Info: Symbol \textminus not provided by
(textcomp)             font family fvm in TS1 encoding.
(textcomp)             Default family used instead on input line 1206.
Package textcomp Info: Symbol \textminus not provided by
(textcomp)             font family fvm in TS1 encoding.
(textcomp)             Default family used instead on input line 1206.
 [42]
Package textcomp Info: Symbol \textminus not provided by
(textcomp)             font family fvm in TS1 encoding.
(textcomp)             Default family used instead on input line 1244.
Package textcomp Info: Symbol \textminus not provided by
(textcomp)             font family fvm in TS1 encoding.
(textcomp)             Default family used instead on input line 1244.
Package textcomp Info: Symbol \textminus not provided by
(textcomp)             font family fvm in TS1 encoding.
(textcomp)             Default family used instead on input line 1244.
Package textcomp Info: Symbol \textminus not provided by
(textcomp)             font family fvm in TS1 encoding.
(textcomp)             Default family used instead on input line 1244.
 [43]
Package textcomp Info: Symbol \textminus not provided by
(textcomp)             font family fvm in TS1 encoding.
(textcomp)             Default family used instead on input line 1254.
Package textcomp Info: Symbol \textminus not provided by
(textcomp)             font family fvm in TS1 encoding.
(textcomp)             Default family used instead on input line 1259.
Package textcomp Info: Symbol \textminus not provided by
(textcomp)             font family fvm in TS1 encoding.
(textcomp)             Default family used instead on input line 1259.
Package textcomp Info: Symbol \textminus not provided by
(textcomp)             font family fvm in TS1 encoding.
(textcomp)             Default family used instead on input line 1267.
 [44] [45]
Package textcomp Info: Symbol \textminus not provided by
(textcomp)             font family fvm in TS1 encoding.
(textcomp)             Default family used instead on input line 1334.
Package textcomp Info: Symbol \textminus not provided by
(textcomp)             font family fvm in TS1 encoding.
(textcomp)             Default family used instead on input line 1334.
Package textcomp Info: Symbol \textminus not provided by
(textcomp)             font family fvm in TS1 encoding.
(textcomp)             Default family used instead on input line 1334.
Package textcomp Info: Symbol \textminus not provided by
(textcomp)             font family fvm in TS1 encoding.
(textcomp)             Default family used instead on input line 1338.
Package textcomp Info: Symbol \textminus not provided by
(textcomp)             font family fvm in TS1 encoding.
(textcomp)             Default family used instead on input line 1348.
Package textcomp Info: Symbol \textminus not provided by
(textcomp)             font family fvm in TS1 encoding.
(textcomp)             Default family used instead on input line 1350.
 [46] [47]
Package textcomp Info: Symbol \textminus not provided by
(textcomp)             font family fvm in TS1 encoding.
(textcomp)             Default family used instead on input line 1386.
Package textcomp Info: Symbol \textminus not provided by
(textcomp)             font family fvm in TS1 encoding.
(textcomp)             Default family used instead on input line 1389.
 [48] [49]
Package textcomp Info: Symbol \textminus not provided by
(textcomp)             font family fvm in TS1 encoding.
(textcomp)             Default family used instead on input line 1441.
 [50] [51]
Package textcomp Info: Symbol \textminus not provided by
(textcomp)             font family fvm in TS1 encoding.
(textcomp)             Default family used instead on input line 1478.
Package textcomp Info: Symbol \textminus not provided by
(textcomp)             font family fvm in TS1 encoding.
(textcomp)             Default family used instead on input line 1484.
 [52] [53] [54

] (./report.aux)
Package rerunfilecheck Info: File `report.out' has not changed.
(rerunfilecheck)             Checksum: 30783B09B42F2C8326374F2DA71401CA;2579.
 ) 
Here is how much of TeX's memory you used:
 13148 strings out of 479304
 231091 string characters out of 5869778
 947656 words of memory out of 5000000
 29481 multiletter control sequences out of 15000+600000
 420612 words of font info for 71 fonts, out of 8000000 for 9000
 1141 hyphenation exceptions out of 8191
 81i,6n,88p,548b,2255s stack positions out of 5000i,500n,10000p,200000b,80000s
{/usr/share/texlive/texmf-dist/fonts/enc/dvips/base/8r.enc}{/usr/share/texmf/fonts/enc/dvips/cm-super/cm-super-t1.enc}{/usr/share/texmf/fonts/enc/dvips/cm-super/cm-super-ts1.enc}</usr/share/texlive/texmf-dist/fonts/type1/public/amsfonts/cm/cmex10.pfb></usr/share/texlive/texmf-dist/fonts/type1/public/amsfonts/cm/cmmi12.pfb></usr/share/texlive/texmf-dist/fonts/type1/public/amsfonts/cm/cmmi6.pfb></usr/share/texlive/texmf-dist/fonts/type1/public/amsfonts/cm/cmmi8.pfb></usr/share/texlive/texmf-dist/fonts/type1/public/amsfonts/cm/cmr12.pfb></usr/share/texlive/texmf-dist/fonts/type1/public/amsfonts/cm/cmr8.pfb></usr/share/texlive/texmf-dist/fonts/type1/public/amsfonts/cm/cmsy10.pfb></usr/share/texlive/texmf-dist/fonts/type1/public/amsfonts/cm/cmsy6.pfb></usr/share/texlive/texmf-dist/fonts/type1/public/amsfonts/cm/cmsy8.pfb></usr/share/texlive/texmf-dist/fonts/type1/public/bera/fvmr8a.pfb></usr/share/texmf/fonts/type1/public/cm-super/sfbi1200.pfb></usr/share/texmf/fonts/type1/public/cm-super
/sfbx1200.pfb></usr/share/texmf/fonts/type1/public/cm-super/sfbx1440.pfb></usr/share/texmf/fonts/type1/public/cm-super/sfbx1728.pfb></usr/share/texmf/fonts/type1/public/cm-super/sfbx2488.pfb></usr/share/texmf/fonts/type1/public/cm-super/sfrm1200.pfb></usr/share/texmf/fonts/type1/public/cm-super/sfrm1440.pfb></usr/share/texmf/fonts/type1/public/cm-super/sfrm2074.pfb></usr/share/texmf/fonts/type1/public/cm-super/sfti1200.pfb>
Output written on report.pdf (55 pages, 554080 bytes).
PDF statistics:
 1423 PDF objects out of 1440 (max. 8388607)
 1226 compressed objects within 13 object streams
 622 named destinations out of 1000 (max. 500000)
 440 words of extra memory for PDF output out of 10000 (max. 10000000)

